Earth-Sol/Sol/0/G2V/1//9planets,asteroids,KuiperBelt,DiaOortCloud=0.4ly;"Sun"/0,0,0
/Proxima Centauri/4.22/M5.5Ve/0.11/Centaurus/FlareStar,PlanetComp?;AC:sep=0.17ly;P=0.5mil.yr;dia=0.2Sol;V645Cen,Gl551,Hip70890,LHS49/-1.54,-1.18,-3.75
/Proxima Centauri B?/4.22/d/0.001/Centaurus/Planet?:0.8Jupiter-mass,0.17AU,P=80days;/-1.53,-1.17,-3.74
A. Centauri3/Alpha Centauri A/4.4/G2V/1.1/Centaurus/AB:a=24AU,sep=11-35AU;e=0.52;P=80yr;diaA=1.2Sol;5.6Byr;Rigil Kentaurus,HR5459*,Gl559A,Hip71683,HD128620,P-60 5483,LHS50/-1.69,-1.37,-3.89
/Alpha Centauri B/4.4/K0-3V/0.85/Centaurus/DiaB=0.8Sol;5.6Byr;C:ProximaCen;HR5460*,Gl559B,Hip71681,HD128621,LHS51/-1.64,-1.42,-3.84
/Barnard's Star/5.98/M3.8V/0.12/Ophiuchus/YalePlxBetter,PlanetComp?,NotSubdwarf;Dia=0.12Sol;10Byr?;Munich15040,Gl699,Hip87937,B+04 3561a,LHS57/-0.06,-5.96,0.49
/Barnard's Star B?/5.98/d/0.002/Ophiuchus/Planet?:1.5Jmass;sep=4AU;e=0.6;P=24years/-0.05,-5.95,0.48
/Wolf 359/7.78/M5.8Ve/0.2/Leo/FlareStar,dia=0.1Sol;CNLeonis,LFT750,LTT12923,Gl406,G45-20,LHS36/-7.43,2.11,0.95
Lalande 21185/Lalande 21185/8.31/M2.1Ve/0.35/Ursa Major/ThickDiskStar;3PlanetComp?;LFT756,GC15183,Gl411,Hip54035,HD95735,B+36 2147,LHS37/-6.52,1.65,4.88
/Lalande 21185 B3?/8.31/d/0.001/Ursa Major/Planet?:~1Jmass;sep=11+AU;P=30+yr;B1OrbitalPlane/-6.5,1.63,4.86
/Lalande 21185 B2?/8.31/d/0.002/Ursa Major/Planet?:1.6Jmass;sep=11AU;e=0;P=30yr;B1OrbitalPlane/-6.49,1.62,4.85
/Lalande 21185 B1/8.31/d/0.001/Ursa Major/Planet:0.9Jmass;sep=2.2AU;e=~0.0;P=5.8yr;/-6.51,1.64,4.87
Sirius2/Alpha Canis Majoris A/8.6/A0-1Vm/2.31/Canis Major/Var,spec.dou.:a=7.62",20.1AU;P=50.090yr;e=0.58;diaA=1.8Sol;9,HR2491,Gl244A,Hip32349,HD48915,B-16 1591,LHS219/-1.63,8.08,-2.49
/Alpha Canis Majoris B/8.6/A2-5VIId/0.98/Canis Major/"White"dwarf,spec.dou.B:a=7.500?";sep=3-11.5";diaB=0.022Sol;Gl244B/-1.61,8.06,-2.47
/Luyten 726-8/8.73/M5.6Ve/0.12/Cetus/YalePlxBetter;AB:a=5.57",14.6AU;e=0.06-?;P=54-200yr;2planets?;V=11.89;d(m)=0.14";Gl65A,G119-52,LHS9/7.59,3.48,-2.74
/UV Ceti/8.73/M6.0Ve/0.1/Cetus/FlareStar;L726-8B,Gl65B,LHS10/7.54,3.53,-2.69
/Luyten 726-8 A2?/8.73/d/0.001/Cetus/Planet:1.4Jmass/7.57,3.46,-2.72
/Luyten 726-8 A1?/8.73/d/0.001/Cetus/Planet?:1.1Jmass/7.58,3.47,-2.73
/Ross 154/9.69/M3.5-6Ve/0.31/Sagittarius/FlareStar?;V1216Sag?,Gl729,AC-24 2833-183,Hip92403,LHS3414/1.91,-8.66,-3.92
/Ross 248/10.32/M4.9-5.5Ve/0.25/Andromeda/PlanetComp?;HHAndromedae,Gl905,G171-10,LHS549/7.38,-0.58,7.19
/Ross 248 B?/10.32/d/0/Andromeda/Planet?:P=8yr;/7.37,-0.57,7.18
Ep. Eridani/Epsilon Eridani/10.5/K2V/0.73/Eridanus/60AUdustDisk;planetComp?;dia=0.9Sol;0.5-1Byr;18,HR1084*,Gl144,Hip16537,HD22049,B-09 697,LHS1557/6.2,8.29,-1.72
/Epsilon Eridani A1?/10.5/d/0.003/Eridanus/Planet?:3Jmass;a=7.7AU;e=0.05;P=25yr;/6.19,8.28,-1.71
/Lacaille 9352/10.73/M1.5-3Ve/0.47/Pisces Australis,Aus/Cordoba31353,LFT1758,Gl887,Hip114046,HD217987,C-36 15693,P-36 9694,LHS70/8.46,-2.04,-6.29
/Ross 128/10.89/M4.1-5V/0.31/Virgo/Dust;FIVirginis,Gl447,Hip57548,LHS315/-10.87,0.58,0.15
/EZ Aquarii A/11.1/M5.0-5.5Ve/0.25/Aquarius/AB:a=0.36",1.2AU;P=2.2yr;V=12.3;d(m)=1;EZAqr,L789-6A,G156-31,Gl866A,LHS68/10.05,-3.75,-2.98
/EZ Aquarii C/11.1/?/0/Aquarius/Gl866C/9.98,-3.7,-2.88
/EZ Aquarii B/11.1/?/0/Aquarius/L789-6B,Gl866B/10.03,-3.78,-2.93
61 Cygni2/61 Cygni A/11.37/K3.5-5.0Ve/0.59/Cygnus/PlanetComp?,dust,var;ABOrbitRevised;diaA=0.48Sol;V1083Cyg,61,HR8085*,Gl820,Hip104214,HD201091,B+38 4343,LHS62/6.45,-6.08,7.12
/61 Cygni B1?/11.43/d/0.008/Cygnus/Planet?:8J-mass;/6.48,-6.1,7.14
/61 Cygni B/11.43/K4.7-7.0Ve/0.5/Cygnus/PlanetComp?,dust,var;dia=0.43Sol;61,HR8086*,Gl820B,Hip104217,HD201092,B+38 4344,LHS63/6.49,-6.11,7.15
/61 Cygni A1?/11.37/d/0.001/Cygnus/Planet?:10-80Jmass;PAa1=4.8yr?;61CygniC/6.44,-6.07,7.11
Procyon2/Alpha Canis Minoris A/11.41/F5V-IV/1.63/Canis Minor/Subgiant?,var;spec.dou.:a=,4.5",15.9AU;p=40.65yr;e=0.40;diaA=2.3Sol;10,HR2943*,Gl280A,Hip37279,HD61421,B+05 1739,LHS233/-4.79,10.31,1.06
/Alpha Canis Minoris B/11.41/A-FVIId/0.63/Canis Minor/"White"dwarf;spec.dou.:sep=2.2-5.0",7.7-17.5AU;P=41yr;diaB=2+Earth;5optComp?;Gl280B/-4.77,10.33,1.04
/Struve 2398 A/11.44/K5-M3.0V/0.4/Draco/YalePlxBetter;ADS11632,Gl725A,Hip91768,HD173739,B+59 1915A,G227-46,LHS58/1.12,-5.68,9.92
/Struve 2398 B/11.44/K5-M3.5V/0.4/Draco/ABOrbitRevised;Gl725B,Hip91772,HD173740,B+59 1915B,G227-47,LHS59/1.07,-5.73,9.87
/Groombridge 34Aa/11.64/M1.3V/0.4/Andromeda/Spec.dou.;AB:sep=156?AU;P=3000+;GX Andro.,ADS246,Gl15A,Hip1475,HD1326,B+43 44,LHS3/8.41,0.67,8.16
/Groombridge 34B/11.64/M3.8Ve/0/Andromeda/GQ Andromedae,Gl15B,LHS4/8.34,0.72,8.09
/Groombridge 34Ab/11.64/?/0/Andromeda/Spec.dou.B/8.39,0.65,8.14
/DX Cancri/11.83/M6.5Ve/0/Cancer/Var?;DXCnc,G51-15,GJ1111,LHS248/-6.42,8.38,5.33
Epsilon Indi/Epsilon Indi/11.83/K3-5Ve/0.71/Indus/Dia=0.8Sol;HR8387*,Gl845,Hip108870,HD209100,P-57 10015,LHS67/5.66,-3.16,-9.9
Tau Ceti/Tau Ceti/11.9/G8Vp/0.82/Cetus/Dust;dia=0.9Sol;3+Byr?;optComp?;52,HR509*,Gl71,Hip8102,HD10700,B-16 295,LHS146/10.28,5.02,-3.27
/LHS 1565/11.93/M5.5V/0//HenryEtAl-1997;LFT295,GJ1061,LTT1702,LHS1565/5,6.88,-8.36
/YZ Ceti/12.13/M4.5Ve/0.12/Cetus/YalePlxBetter;var?;YZCet,L725-32,LTT670,Gl54.1,Hip5643,LET118,G268-135,LHS138/11.03,3.61,-3.55
Luyten's/Luyten's Star/12.39/M3.5-5V/0.38/Canis Minor/BrownDwarfComp?;L5-1668,Gl273,Hip36208,B+05 1668,G89-19,LHS33,V17/-4.59,11.45,1.13
/Luyten's Star B?/12.39/d/0.06/Canis Minor/BrownDwarf?:60Jmass,P=7yr/-4.58,11.44,1.12
Kapteyn's/Kapteyn's Star/12.78/M0-1.5VI/0.44/Pictor/Subdwarf,haloStar;LFT395,GC6369,Gl191,Hip24186,HD33793,C-45 1841,P-44 612,LHS29,U628/1.89,8.83,-9.04
/Lacaille 8760/12.87/M0-2Ve/0.54/Microscopium/Var?;AXMic,Gl825,Hip105090,HD202560,C-39 14192,P-39 8920,LHS66,U518/7.6,-6.53,-8.08
/Kruger 60 A/13.07/M3V/0.27/Cepheus/FlareStar;AB:a=2.412",9.7AU;e=0.42;P=44.46yr;diaA=0.34Sol;V=9.59;d(m)=1.67;Gl860A,Hip110893,HD239960,B+56 2783,G232-75,L/6.45,-2.73,11.07
/DO Cephei, K60B/13.07/M4V/0.16/Cepheus/DiaB=0.19Sol;Kruger60B,Gl860B,LHS3815/6.43,-2.71,11.05
/Ross 614 A/13.43/M4.5Ve/0.14/Monoceros/AB:a=0.932",3.8AU;P=16.6yr;diaA=0.33Sol;V=10.10;d(m)=3.5?;Gl234A,Hip30920,G106-49,LHS1849/-1.74,13.3,-0.68
/Ross 614 B/13.43/?/0/Monoceros/DiaB=0.1Sol?;Gl234B,LHS1850/-1.72,13.28,-0.66
/CD-25 10553 A/13.87/M3V/0//LTT5883,Wo9495A,Gl563.2A,Hip72511,C-25 10553,LHS380/-9.25,-8.39,-6.15
/CD-25 10553 B/13.87/M3V/0//LTT5884,Wo9495A,Gl563.2B,LHS379/-9.2,-8.34,-6.1
/BD-12  4523 A/13.91/M3.0V/0//Spec.dou.;Gl628,Hip80824,B-12 4523,LHS419,V164/-5.2,-12.54,-3.07
/BD-12  4523 B/13.91/?/0//Spec.dou.B/-5.18,-12.52,-3.05
/Wolf  424 A/14.2/M5.5Ve/0//BrownDwarf?:75-105Jmass?;brownDwarfComp?;Gl473A/-13.95,-0.9,2.35
/Wolf  424 B/14.2/M5.5Ve/0//BrownDwarf?:65-85Jmass?;brownDwarfComp?;Gl473B/-13.9,-0.95,2.3
/Cincinnati/14.22/M2-4V/0.39//Hip439,HD225213,C-37 15492,P-37 9435,G267-25,LHS1/11.8,0.1,-8.7
/Hip 15689/14.34/?/0//Hip15689/8.87,10.77,-3.29
Van Maanen's/Van Maanen's Star/14.37/F-GVIId/1/Pisces/"White"dwarf;Wolf28,LFT76,Gl35,Hip3829,G1-27,LHS7,W5/13.98,3.05,1.35
LTT 12352/LTT 12352/14.6/M3.5V/0//NN,G41-14,HD1405?,LHS6?/-10,10.3,2.2
/L 1159-16/14.6/M4.5Ve/0.12//Gl83.1,G3-33,LHS11/12.4,7,3.2
/L 143-23/14.6/MV/0//LTT3946,NN,LHS288/-7.1,2.5,-12.6
/LP 731-58/14.7/M6.5V/0//1995YalePlx;J2000;NN,LHS292/-13.69,4.43,-2.89
/Hip 72509/14.71/MV/0//Hip72509/-9.75,-8.9,-6.47
/BD+68   946 A/14.77/M3.0V/0.35//Var,spec.dou.?;AOe17415-6,Gl687,Hip86162,B+68 946,G240-63,LHS450,V322/-0.58,-5.42,13.75
/BD+68   946 B?/14.77/?/0//Spec.dou.B?/-0.56,-5.44,13.73
CD-46 11540/CD-46 11540/14.8/K5-M3V/0.44//Hip85523,C-46 11540,P-46 8664,LHS449/-1.38,-10.02,-10.8
/L 145-141/15.07/AVIId/0.47//"White"dwarf;Gl440,Hip57367,CC658,LHS43,W82/-6.4,0.4,-13.64
/G 158-27/15.3/M5.5V/0//GJ1002,G158-27,LHS2/15.2,0.3,-1.7
/Ross 780/15.34/M3.5V/0.39/Aquarius/PlanetComp;Gl876,Hip113020,B-15 6290,G156-57,LHS530,V337/14.24,-4.27,-3.78
/Ross 780 B/15.34/d/0.002/Aquarius/Planet:2.1Jmass;a=0.21AU;e=0.27;P=60.85days;surfaceT=-103F(75C)/14.23,-4.26,-3.77
V1581 Cygni2/G 208-44 A/15.4/M5.5Ve/0/Cygnus/Var?,optCompC?;orbit inHarrington,AJ100,p559(1990);V1581Cyg,GJ1245A,G208-44,LHS3494/5.25,-9.7,10.75
/G 208-44 B, 45/15.4/M6V/0/Cygnus/AB:sep=7",33AU;inclin?=103d(LHS);GJ1245B,G208-45,LHS3495/5.2,-9.75,10.7
/BD+44  2051 A/15.76/M1Ve/0/Ursa Major/LTT12976,Gl412A,Hip54211,B+44 2051,G176-11,LHS38,V35/-11.16,2.69,10.9
/WX Ursae Majoris/15.76/M5.5Ve/0.24/Ursa Major/LTT12977,Gl412B,BD+44 2051B,G176-12,LHS39/-11.11,2.74,10.85
Groombridge 1618/Groombridge 1618/15.89/K7Ve/0.56//Gl380,Hip49908,HD88230,B+50 1725,G196-9,LHS280/-9.19,4.72,12.08
/AD Leonis/16/M3Ve/0.44/Leo/BrownDwarfComp?;Gl388,BD+20 2465,G54-23,LHS5167,V574/-13.5,6.5,5.5
/AD Leonis B?/16/d/0.03/Leo/BrownDwarf?:30J-mass/-13.49,6.49,5.49
/Hip 82725/16.07/?/0//Hip82725/-2.1,-7.14,-14.24
/Hip 85605/16.09/?/0//Hip85605/-1.93,-14.5,6.71
/CD-49 13515/16.1/M1V/0.37//L354-89,Sm83,Hip106440,HD204961,C-49 13515,P-49 11439,LHS3685,U529/8.48,-6.3,-12.16
/CD-44 11909/16.45/M3.5-5V/0.34//Hip86214,C-44 11909,LHS451/-1.18,-11.71,-11.49
Keid3/40-Omicron2 Eridani A/16.45/K1Ve/0.77/Eridanus/Var;AB:sep=82.8",418AU;P=7-9000yr;diaA=0.90Sol;optCompD&E?;DYEri,40,HR1325*,Hip19849,HD26965,B-07 780/7.24,14.63,-2.24
/Omicron2 Eridani C/16.45/M4.5Ve/0.21/Eridanus/DiaC=0.43Sol;maxsepBC=9",45AU;40EriC,LTT1909,LHS25/7.14,14.63,-2.14
/Omicron2 Eridani B/16.45/A4VIId/0.43/Eridanus/"White"dwarf;BC:a=6.89",34.8AU;P=248yr;e=0.40;diaB=0.019Sol;40EriB,G160-60,LHS24,W33/7.19,14.68,-2.19
/EV Lacertae A/16.47/M3.5Ve/0.26/Lacerta/FlareStar,spec.dou.,optCompC=sep5";Gl873,Hip112460,B+43 4305,G216-16,LHS3853,V852/11.2,-3.7,11.53
/EV Lacertae B/16.47/?/0/Lacerta/Spec.dou.B/11.18,-3.68,11.51
70 Ophiuchi4?/70 Ophiuchi Aa/16.59/K0-1Ve/0.85/Ophiuchus/Spec.dou.-B.dwarf?;AB:a=4.545",23.1AU;e=0.50;P=87.13yr.;inclin=121d;diaAa=0.9Sol;V=4.02,d(m)=1.8;70,HR6723*,Hip88601,HD1/0.46,-16.57,0.79
/70 Ophiuchi Bb?/16.59/?/0/Ophiuchus/Spec.dou.B?,LHS459/0.39,-16.6,0.72
/70 Ophiuchi Ba/16.59/K5-6Ve/0.68/Ophiuchus/Spec.dou.?;AB:sep=1.7-6.7",8.6-34AU;P=88.13yr;diaBa=0.7Sol;70,HR6752*?/0.41,-16.62,0.74
/70 Ophiuchi Ab/16.59/?/0.01/Ophiuchus/Spec.dou.B,BrownDwarf?/0.44,-16.55,0.77
Altair/Alpha Aquilae/16.77/A7V-IV/1.82/Aquila/Subgiant?,flattened,rot=fast6.5hr,dia=1.5Sol?;2opt.comp?;53,HR7557*,Hip97649,HD187642,B+08 4236/7.7,-14.67,2.59
/GJ 1116 A/17.1/M5.5V/0//AB:sep=4.5",24AU;inclin?=333d,AnglesIncreasing1dPerYr-LHS;G9-38,LHS2076/-11.15,11.6,5.85
/GJ 1116 B/17.1/M5.5V/0//LP526-40,LHS2077/-11.1,11.65,5.8
/LTT 17897/17.5/M4V/0//LTT17897,G99-49,NN/0.2,17.5,0.8
/AC+79  3888/17.59/M3.5V/0//NotSubdwarf;Gl445,Hip57544,G254-29,LHS2459/-3.44,0.19,17.24
/Lalande 25372/17.71/M1.5Ve/0//Gl526,Hip67155,HD119850,B+15 2620,G63-53,LHS47,V308/-15.33,-7.62,4.55
/Hip 103039/17.91/?/0//Hip103039/11.71,-12.5,-5.23
/L 722-22 A/17.9/M4V/0//YalePlxBetter;J2000;AB:sep=14",73AU;V=11.50;d(m)=.5;Hei299;GJ1005A,Hip1242,G158-50,LHS1047/17.24,1.16,-5.04
/L 722-22 B/17.9/M4V/0//YalePlxBetter;J2000;GJ1005B/17.19,1.21,-4.99
/Stein 2051 A/17.98/M4V/0.18//AB:sep=7",39AU;inclin?=89d(NLTT);AC+58:25001,Gl169.1A,Hip21088,G175-34,LHS26/3.52,8.58,15.43
/Stein 2051 B/17.98/C5VIId/0//"White"dwarf;AC+58 25002,Gl169.1B,G175-34,LHS27,W180/3.5,8.56,15.41
Wolf  294/Wolf  294/17.99/M3V/0//Wolf294,AC+33:25644,Gl251,Hip33226,HD265866,G87-12,LHS1879,V482/-3.56,14.61,9.87
/EE Leonis A/18.38/M4V/0/Leo/Spec.dou.;EELeo,Wolf358,Gl402,Hip53020,G44-40,LHS294/-17.45,5.42,2.2
/EE Leonis B/18.38/?/0/Leo/Spec.dou.B/-17.43,5.4,2.18
/L 347-14/18.6/M4.5V/0.26//Gl754,LHS60/4.4,-12.5,-13
/BD-03  1123/18.56/M1.5V/0.51//Gl205,Hip25878,HD36395,G99-15,LHS30,V9/2.3,18.38,-1.19
/Wolf  630 A/18.72/M2.5Ve/0.38/Ophiuchus/OptCompD?;AB:a=0.218",1.3AU;P=1.715yr;V=9.02;d(m)=.18;V1054Oph,Gl644A,Hip82817,HD152751,B-08 4352,LHS428,V782/-5.2,-17.79,-2.76
/Wolf  630 C, VB8/18.72/M7V/0/Ophiuchus/NotBrownDwarf;AC:sep=221",1270AU;VB*,Gl644C,LHS429/-5.15,-17.79,-2.61
/Wolf  630 B/18.72/M4-5Ve/0.38/Ophiuchus/AB:a=0.218",1.3AU;P=1.715yr;Gl644B/-5.15,-17.84,-2.71
Alrakis/Sigma Draconis/18.81/K0V/0.78/Draco/Var,optCompB;61,HR7462*,Hip96100,HD185144,B+69 1053,LHS477/2.56,-6.01,17.64
Gliese 229/BD-21  1377/18.83/M1Ve/0.46/Orion/BrownDwarfComp,44AU;L668-21,LTT2475,Gl229,Hip29295,HD42581,B-21 1377,CD-21 1138?,LHS1827,V471/-0.81,17.46,-7.01
/Gliese 229 B/18.83/d/0.045/Orion/BrownDwarf:25-65Jmass;sep=44AU;diaB=~1Jup;temp=1,000-1,200C/-0.8,17.45,-7
/Ross 47/18.88/M4V/0.35//NotSubdwarf;AC+12:1800-213,Gl213,Hip26857,G102-22,LHS31/1.43,18.37,4.08
/L 205-128/18.95/M3.5-5V/0//Sm3,Gl693,LHS454,UC48,Hip86990?/-0.6,-10.22,-15.95
/Ross 652 A/19.16/M3.5Ve/0.39/Aquila/Wolf1055,VB10A,Gl752A,Hip94761,HD180617,B+04 4048,G22-22,LHS473,V65/6.33,-18.01,1.78
Van Biesbroeck's/Ross 652 B/19.16/M8Ve/0.11/Aquila/VeryDim;VanBiesbroeck'sStar,Wolf1055B,VB10B,LFT1467,Gl752B,LHS474/6.28,-18.06,1.73
/L 674-15/19.2/M3.5V/0.3//Gl300,LHS1989/-9.7,15.1,-6.8
/BD-20  4125 A?/19.26/K4-5Ve/0.56//OptCompB?;Hip73184,HD131977,B-20 4125/-12.82,-12.54,-7.03
/Ross 882 A/19.35/M4Ve/0/Canis Minor/YZCMi,LFT547,Gl285,Hip37766?,G50-4,LHS1943/-8.57,17.33,1.25
/Ross 882 B/19.35/M5Ve/0/Canis Minor//-8.52,17.38,1.2
/CD-40  9712/19.35/M0-3V/0.44//OptComp;Hip76074,C-40 9712,P-40 7021,LHS397/-8.74,-11.62,-12.77
Achird2/Eta Cassiopeiae A/19.42/F9-G0V/1.05/Cassiopeia/Spec.dou.:a=12",71AU,e=0.50;P=480yr;diaA=0.8Sol;8optComp?;24,Gl34A,HR219*,Hip3821,HD4614,B+57 150,LHS122/10.12,2.2,16.45
/Eta Cassiopeiae B/19.42/K7V/0.52/Cassiopeia/Single-lineB:sep=5-16",30-95AU;diaB=0.5Sol;8optComp?;Gl34B,LHS122/10.1,2.18,16.43
/36 Ophiuchi C/19.47/K5-6Ve/0.38/Ophiuchus/Var,sepAB-C=732",5390AU;optCompD?;36,Gl663C,Gl664,Hip84478,HD156026,C-26 12036,P-26 5863,LHS439/-3.31,-17.1,-8.7
/36 Ophiuchi B/19.52/K1-5V/0.68/Ophiuchus/AB:a=13.91",83.2AU;P=548.7yr;36,HR6401*,Gl663B,HD155885,ADS10417B/-3.38,-17.17,-8.74
/BD+01  4774/19.47/M1Ve/0//Gl908,Hip117473,B+01 4774,G29-68,LHS550,V82/19.43,-0.92,0.82
36 Ophiuchi4?/36 Ophiuchi Aa?/19.52/K0-1Ve/0.86/Ophiuchus/Spec.dou.,V=4.32;d(m)=.04;36,HR6402*,Gl663,Hip84405,HD155886,C-26 12026,P-26 5858,ADS10417A/-3.5,-17.1,-8.86
/36 Ophiuchi Ab?/19.52/?/0/Ophiuchus/Spec.dou.B?/-3.48,-17.08,-8.84
HR 7703 A/CD-36 13940 A/19.74/K2-3V/0.69//OptCompC&D?,Gl733A,HR7703*,Hip99461,HD191408,C-36 13940,P-36 9037/8.69,-13.41,-11.68
/CD-36 13940 B/19.74/M3.5V/0.35//Gl733B,LHS487,6/8.64,-13.46,-11.63
82 Eridani2/82 Eridani A/19.77/G5-8V-IV/0.88/Eridanus/Subgiant?,spec.dou.;eEri,82,HR1008*,LFT277,Hip15510,HD20794,C-43 1028,P-43 354/9.3,11.06,-13.52
/82 Eridani B/19.77/?/0/Eridanus/Spec.dou.B/9.28,11.04,-13.5
D. Pavonis/Delta Pavonis/19.92/G5-8V-IV/1.02/Pavo/Subgiant?,var;HR7665*,Gl780,Hip99240,HD190248,C-66 2367,P-66 3474/4.28,-6.81,-18.22
/BD-11  3759/19.95/M3.5V/0.55//Gl555,Hip71253,LHS2945/-15.22,-12.14,-4.32
/LP 656-38/20/M3.5V/0//NN,LHS1723/5.2,19.2,-2.4
/LP 44-113/20/XP9VIId/0//"White"dwarf?;GJ1221,G240-72,LHS455,W372/-0.3,-6.6,18.9
/LTT 17993/20.1/M4.5V/0//LTT17993,NN,G89-32/-7.9,18.3,2.5
/CD-32 13297/20.16/M2V/0//Hip86961,C-32 13297/-1.03,-17.05,-10.72
/CD-32 13298/20.16/M2V/0//Hip86963,C-32 13298/-1.02,-17.05,-10.71
/BD+53  1320 A/20.18/M0Ve/0//Spec.dou.;Gl338A,Hip45343,HD79210,B+53 1320,G195-17,LHS260,V541/-9.2,8.09,16.07
/BD+53  1320 B/20.18/K7V/0//Spec.dou.B;Gl338B,LHS261/-9.18,8.07,16.05
/CD-45 13677/20.24/M0V/0//Sm50,Hip99701,HD191849,C-45 13677,P-45 9899,LHS3531,U492/7.87,-11.9,-14.35
/GJ 1128/20.3/MV/0//LHS271/-6.4,4.4,-18.7
/LP 914-54/20.3/M8V/0//LP914-54,AJ100,p1270,NN,LHS3003/-13.2,-12.5,-8.9
/EQ Pegasi A/20.38/M3.5Ve/0.23/Pegasus/FlareStar;Gl896A,Hip116132,B+19 5116,G68-24,LHS3965,V80/19.06,-2.35,7
/EQ Pegasi B/20.38/M4.5Ve/0/Pegasus/Gl896B,LHS3966/19.01,-2.4,6.95
/BD-07  4003/20.45/M2.5V/0//Gl581,Hip74995,B-07 4003,G151-46,LHS394,V159/-13.06,-15.49,-2.75
BD+53  1321 A/BD+53  1321 A/20.45/K7V/0.41//Spec.dou.;Hip120005,HD79211,B+53 1321,G195-18,LHS261/-9.32,8.2,16.29
/BD+53  1321 B/20.45/?/0//Spec.dou.B/-9.3,8.18,16.27
/BD+45  2505 A/20.62/K5-M3V/0//V(AB)=9.38,d(m)=.48;Kui79,Gl661A,Hip84140,HD155876,B+45 2505,G203-51,LHS433,V165/-3.04,-14.1,14.8
/BD+45  2505 B/20.62/M3.5V/0//AB:a=.71",4.5AU;P=12.98yr;+45Fu46,Gl661B,LHS434/-2.99,-14.15,14.75
/Ross 986 A/20.74/M4.5Ve/0//Spec.dou.;AC+38 23616,Gl268,Hip34603?,G87-26,LHS226/-4.9,15.48,12.94
/Ross 986 B/20.74/?/0//Spec.dou.B/-4.88,15.46,12.92
/LP 378-541/20.9/M2V/0//GJ2097,LP378-541,San215/-18.7,-5.4,7.5
/Hip 54298/21.01/?/0//Hip54298/-12.22,2.91,-16.83
/G 99-44/21.1/Z9VIId/0//"White"dwarf,dK?;LP658-2,Gl223.2,G99-44,LHS32,W45/0.7,21,-1.4
/Wolf  629 A/21.19/M3.5V/0//NotSubdwarf;spec.dou.;Gl644comp?:sep=72";inclin?=315d;Gl643,Hip82809,LHS427/-5.85,-20.14,-3.12
/Wolf  629 B/21.19/?/0//Spec.dou.B/-5.83,-20.12,-3.07
/BD+56  2966/21.28/K3V/0.63//Var;HR8832*,Hip114622,HD219134,B+56 2966/11.3,-2.34,17.88
/G 12-30/21.3/M5Ve/0//GJ1156,G12-30,LHS324/-20.9,-1.5,4.2
/L 68-27/21.5/M0V/0///-6.9,-0.8,-20.3
/AC+54 1646-56/21.47/M1.5V/0//AC+55:41703,Gl625,Hip80459?,G202-48,V767/-5.02,-11.47,17.43
/AC+23 468-46/21.61/M2.5V/0//LTT12942,Gl408,Hip53767,G58-32,V128/-19.24,5.15,8.38
Xi Bootis3/Xi Bootis A/21.85/G8Ve/0.87/Bootes/Var,AB:sep=4.9",33AU;e=0.50;P=150yr;diaA=0.90Sol;37,HR5544*,Hip72659,HD131156,B+19 2870/-15.19,-14.04,7.2
/Xi Bootis C/21.85/?/0.1/Bootes/Astro.binary;P(?C)=2.2yr;optCompD?/-15.09,-14.04,7.1
/Xi Bootis B/21.85/K4Ve/0.76/Bootes/AB:sep=1.8-7.3",12-49AU;diaB=0.80Sol;/-15.14,-14.09,7.15
/AC+17 534-105/22/M3.5Ve/0//Gl829,Hip106106,G126-4,LHS508/16.61,-12.79,6.67
/Ross 619/22/M4V/0.41//Gl299,LHS35/-11.6,18.4,3.4
/L 119-44/22.2/MV/0//LTT9108,NN,LHS3836/8.4,-3.3,-20.3
/BD+15  4733 A/22.45/M1.5Ve/0//Spec.dou.;Gl880,Hip113296,HD216899,B+15 4733,G67-37,LHS533,V854/20.72,-5.88,6.42
/BD+15  4733 B/22.45/?/0//Spec.dou.B/20.7,-5.86,6.4
/L 97-12/22.5/Q9VIId/0//"White"dwarf?;Gl293,LHS34,W56/-4.3,8,-20.6
CD-34 11626 A/CD-34 11626 A/22.74/K3-4V/0.59//Var,optCompD?,V(AB)=5.91,d(m)=.95;HR6426*,Hip84709,HD156384,C-34 11626,P-34 6803,U433/-3.37,-18.33,-13.09
/CD-34 11626 C/22.74/M2.5V/0//AC:sep=8-30.5",56-213AU;inclin?=129-136d(1889-1948);LHS443/-3.27,-18.33,-12.99
/CD-34 11626 B/22.74/K5V/0.31//AB:a=1.82",12.7AU;P=42.09yr;LHS442/-3.32,-18.38,-13.04
/BD+61  2068 A/22.98/M0Ve/0//Spec.dou.;Gl809,Hip103096,HD199305,B+61 2068,G231-19,LHS3595,V199/7.38,-7.81,20.34
/BD+61  2068 B/22.98/?/0//Spec.dou.B/7.36,-7.79,20.32
/L 471-42/23.5/M4V/0//LTT4818,NN,LHS337/-18.3,-2.9,-14.4
/Gliese 105 A/23.51/K3V/0.63//HR753*,LTT10858,USNOP,Hip12114,HD16160,B+06 398,LHS15,SAO110636,FK5 1073,G73-70,LHS15/18.19,14.7,2.87
/Gliese 105 C/23.51/MV/0.09///18.09,14.7,2.77
/Gliese 105 B/23.51/M3.5V/0.18//LTT10859,USNOP,G73-71,LHS16,V396/18.14,14.75,2.82
/GJ 1286/23.5/M5.5V/0//GJ1286,G157-77,LHS546/23.4,-2.8,-0.6
/BD+01  2447/23.59/M2V/0.28//Gl393,Hip51317,B+01 2447,G55-24,LHS2272,V127/-21.74,9.13,0.35
/G 203-47/23.66/M3.5V/0//Pos?;USNO752,NN,Hip83945,G203-47/-3.74,-16.7,16.34
/LP 71-165/23.8/M4.5V/0//LP71-165,NN,G258-33,LHS3376/0.8,-9.6,21.7
Alula Australis4/Xi Ursae Majoris Aa/23.8/G0Ve/1.14/Ursa Major/Var,spec.dou.,4optComp?;AB:a=2.530",18.5AU;e=0.40;P=59.84yr;inclin=121d;V=3.79;d(m)=.47;53,HR4375*,BD+32 2132,SAO62484,A/-20.07,3.7,12.47
/HD 98230 B/23.8/d/0.037/Ursa Major/BrownDwarf:37Jmass;a=0.06AU;e=0.00;P=3.98days/-19.94,3.67,12.44
/Xi Ursae Majoris Bb/23.8/?/0/Ursa Major/Single-lineB;BaBb:a<0.4AU;P=3.98days,e=~0/-19.92,3.7,12.42
/Xi Ursae Majoris Ba/23.8/F8.5Ve/0.84/Ursa Major/BrownDwarfComp;spec.dou.;AB:a=2.530",18.5AU;P=59.84yr;53,HR4374*,HD98230/-19.95,3.68,12.45
/Xi Ursae Majoris Ab/23.8/?/0/Ursa Major/Single-lineB;AaAb:a=0.05",0.36AU;e=0.53;P=1.832yr,669.71days;HR4375Ab*,LHS2390/-20.05,3.68,12.45
/G 184-19 A/24/M4.5V/0//GJ1230A,G184-19,LHS3405/3.75,-21.5,10.05
/G 184-19 B/24/M4.5V/0//GJ1230B,LHS3404/3.7,-21.55,10
/LHS 1070/24.1/M5.5V/0//1995YalePlx;J2000;Pi(trig)inPASP98,658(86);GJ2005,LHS1070/21.32,2.31,-11
/L 788-34/24.3/M4.5V/0//LTT9001,LP820-12,NN,LHS3799/21.2,-9.8,-6.8
/BD+04   123/24.33/K2V/0.7//HR222,Gl33,Hip3765,HD4628,B+04 123/23.69,5.08,2.24
107 Piscium/107 Piscium A?/24.36/K1V/0.78/Pisces/Var,optCompB&C?;107,HR493*,Gl68,Hip7981,HD10476,B+19 279/20.6,9.88,8.44
Beta Hydri/Beta Hydri/24.38/G1-2IV/1.36/Hydrus/Subgiant,var;HR98*,Hip2021,HD2151,C-77 15,P-77 16/5.34,0.6,-23.78
HR 5568 A/HR 5568 A/24.41/K4-M1V/0//PlanetComp,spec.dou.,5optComp?;ADS9446A,Gl570ABC?,HR5568*,Hip73182,HD131976,B-20 4123,LHS386-387?,SAO183040,FK5-1391/-16.27,-15.89,-8.89
/HR 5568 B/24.41/?/0//Spec.dou.B;Gl570BC?,LHS386-387?/-16.25,-15.87,-8.91
/HR 5568 A1/24.41/d/0.001//Planet:0.75Jmass;a=1.0AU;e=?;P=1.1yr(400days)/-16.26,-15.88,-8.88
/G 154-44/24.6/M4.5V/0//GJ1224,G154-44,LHS3359/0.5,-23.8,-6
/AC+25  7918/24.63/M3V/0//Gl109,Hip12781?,G36-31,LHS1439,V400/16.76,14.6,10.61
Mu Cassiopeiae2/Mu Cassiopeiae A/24.63/G5IV-VIp/0.8/Cassiopeia/Subgiant-subdwarf?,var?;a=0.8",6AU;P=18.5ly;dia=0.9Sol;30,HR321*,Gl53A,Hip5336,HD6582,B+54 223,LTT10460,LHS8,SAO22074,FK/13.55,4.16,20.22
/Mu Cassiopeiae B/24.63/MV/0.19/Cassiopeia/Astro.binary;Gl53B/13.53,4.14,20.16
/L 1813-21/24.7/M3.5V/0//LTT11755,LP86-137,NN,G192-13,LHS1805/0.2,12.5,21.3
/BD+11  2576/24.88/M1V/0//Gl514,Hip65859,B+11 2576,G63-34,LHS352,V143/-22.61,-9.36,4.48
TW Piscis Australis/CD-32 17321/24.91/K4Vpe/0.52/Pisces Australis,Aus/Var;HR8721*,Gl879,,U584,Hip113283,HD216803,C-32 17321,P-32 6550/20.41,-5.81,-13.04
/L 399-68/24.99/M3.5V/0//CC729,Wo9415,Gl480.1,Hip61874,LHS340/-17.82,-3.2,-17.22
